<?xml version="1.0" encoding="UTF-8"?>
<!-- Generated by org.testng.reporters.JUnitReportReporter -->
<testsuite hostname="DESKTOP-P19095D" failures="0" tests="1" name="com.maven.seleniumtest1.test1.test14class2softassert" time="26.658" errors="0" timestamp="2024-09-15T02:55:13 TRT" skipped="0">
  <testcase classname="com.maven.seleniumtest1.test1.test14class2softassert" name="testAssert" time="26.658"/>
</testsuite> <!-- com.maven.seleniumtest1.test1.test14class2softassert -->
