<?xml version="1.0" encoding="UTF-8"?>
<!-- Generated by org.testng.reporters.JUnitReportReporter -->
<testsuite hostname="DESKTOP-P19095D" failures="0" tests="1" name="Runner.TestRunner" time="18.453" errors="0" timestamp="2024-09-14T04:07:54 TRT" skipped="0">
  <testcase classname="Runner.TestRunner" name="runScenario" time="18.453"/>
</testsuite> <!-- Runner.TestRunner -->
