<?xml version="1.0" encoding="UTF-8"?>
<!-- Generated by org.testng.reporters.JUnitReportReporter -->
<testsuite hostname="DESKTOP-P19095D" failures="0" tests="4" name="Runner.TestRunner2" time="62.408" errors="0" timestamp="2024-09-17T04:57:43 TRT" skipped="0">
  <testcase classname="Runner.TestRunner2" name="runScenario" time="17.683"/>
  <testcase classname="Runner.TestRunner2" name="runScenario" time="14.980"/>
  <testcase classname="Runner.TestRunner2" name="runScenario" time="14.659"/>
  <testcase classname="Runner.TestRunner2" name="runScenario" time="15.086"/>
</testsuite> <!-- Runner.TestRunner2 -->
