<?xml version="1.0" encoding="UTF-8"?>
<!-- Generated by org.testng.reporters.JUnitReportReporter -->
<testsuite hostname="DESKTOP-P19095D" failures="0" tests="1" name="com.maven.seleniumtest1.test1.test14class" time="19.870" errors="0" timestamp="2024-09-13T03:42:58 TRT" skipped="0">
  <testcase classname="com.maven.seleniumtest1.test1.test14class" name="testAssert" time="19.870"/>
</testsuite> <!-- com.maven.seleniumtest1.test1.test14class -->
