<?xml version="1.0" encoding="UTF-8"?>
<!-- Generated by org.testng.reporters.JUnitReportReporter -->
<testsuite hostname="DESKTOP-P19095D" failures="0" tests="1" name="Runner.TestRunner1" time="18.208" errors="0" timestamp="2024-09-15T02:47:29 TRT" skipped="0">
  <testcase classname="Runner.TestRunner1" name="runScenario" time="18.208"/>
</testsuite> <!-- Runner.TestRunner1 -->
